<?xml version="1.0" encoding="UTF-8"?>
<!-- Generated by org.testng.reporters.JUnitReportReporter -->
<testsuite name="page.TestHomePage" tests="1" time="9.886" ignored="0" failures="0" timestamp="07 Jan 2017 20:20:40 GMT" skipped="0" hostname="matiurs-MacBook-Pro.local" errors="0">
  <testcase name="testHome" time="9.886" classname="page.TestHomePage"/>
</testsuite> <!-- page.TestHomePage -->
