<?xml version="1.0" encoding="UTF-8"?>
<!-- Generated by org.testng.reporters.JUnitReportReporter -->
<testsuite name="SearchItems.DropDownMenuSearch" tests="1" time="135.861" ignored="0" failures="0" timestamp="08 Jan 2017 17:12:34 GMT" skipped="0" hostname="matiurs-MacBook-Pro.local" errors="0">
  <testcase name="dropDownMenu" time="135.861" classname="SearchItems.DropDownMenuSearch"/>
</testsuite> <!-- SearchItems.DropDownMenuSearch -->
