<?xml version="1.0" encoding="UTF-8"?>
<!-- Generated by org.testng.reporters.JUnitReportReporter -->
<testsuite name="SearchItems.Items" tests="3" time="331.280" ignored="0" failures="0" timestamp="08 Jan 2017 15:34:57 GMT" skipped="0" hostname="matiurs-MacBook-Pro.local" errors="0">
  <testcase name="searchUsingDataProvider" time="45.468" classname="SearchItems.Items"/>
  <testcase name="searchUsingDataProvider" time="266.800" classname="SearchItems.Items"/>
  <testcase name="searchUsingDataProvider" time="19.012" classname="SearchItems.Items"/>
</testsuite> <!-- SearchItems.Items -->
