<?xml version="1.0" encoding="UTF-8"?>
<!-- Generated by org.testng.reporters.JUnitReportReporter -->
<testsuite name="home.TestCnnHome" tests="1" time="20.789" ignored="0" failures="0" timestamp="08 Jan 2017 19:38:52 GMT" skipped="0" hostname="matiurs-MacBook-Pro.local" errors="0">
  <testcase name="testHome" time="20.789" classname="home.TestCnnHome"/>
</testsuite> <!-- home.TestCnnHome -->
